<?xml version="1.0" encoding="utf-8" standalone="no"?>
<test-run id="2" testcasecount="1" result="Passed" total="1" passed="1" failed="0" inconclusive="0" skipped="0" asserts="1" engine-version="3.4.1.0" clr-version="4.0.30319.42000" start-time="2018-07-08 20:13:31Z" end-time="2018-07-08 20:14:28Z" duration="56.905432">
  <command-line><![CDATA["C:\Final_SBA\SkillTracker\packages\NUnit.ConsoleRunner.3.4.1\tools\nunit3-console.exe" "C:\Final_SBA\SkillTracker\SkillTracker.WebApi.Load.Tests\bin\Debug\SkillTracker.WebApi.Load.Tests.dll"]]></command-line>
  <test-suite type="Assembly" id="0-1003" name="SkillTracker.WebApi.Load.Tests.dll" fullname="C:\Final_SBA\SkillTracker\SkillTracker.WebApi.Load.Tests\bin\Debug\SkillTracker.WebApi.Load.Tests.dll" runstate="Runnable" testcasecount="1" result="Passed" start-time="2018-07-08 20:13:31Z" end-time="2018-07-08 20:14:28Z" duration="56.502031" total="1" passed="1" failed="0" inconclusive="0" skipped="0" asserts="1">
    <environment framework-version="3.5.0.0" clr-version="4.0.30319.42000" os-version="Microsoft Windows NT 10.0.17134.0" platform="Win32NT" cwd="C:\Final_SBA\SkillTracker" machine-name="DOTNET" user="Admin" user-domain="DOTNET" culture="en-IN" uiculture="en-US" os-architecture="x64" />
    <settings>
      <setting name="WorkDirectory" value="C:\Final_SBA\SkillTracker" />
      <setting name="ImageRuntimeVersion" value="4.0.30319" />
      <setting name="ImageTargetFrameworkName" value=".NETFramework,Version=v4.5.2" />
      <setting name="ImageRequiresX86" value="False" />
      <setting name="ImageRequiresDefaultAppDomainAssemblyResolver" value="False" />
      <setting name="NumberOfTestWorkers" value="3" />
    </settings>
    <properties>
      <property name="_PID" value="8864" />
      <property name="_APPDOMAIN" value="test-domain-" />
    </properties>
    <test-suite type="TestSuite" id="0-1004" name="SkillTracker" fullname="SkillTracker" runstate="Runnable" testcasecount="1" result="Passed" start-time="2018-07-08 20:13:31Z" end-time="2018-07-08 20:14:28Z" duration="56.440993" total="1" passed="1" failed="0" inconclusive="0" skipped="0" asserts="1">
      <test-suite type="TestSuite" id="0-1005" name="WebApi" fullname="SkillTracker.WebApi" runstate="Runnable" testcasecount="1" result="Passed" start-time="2018-07-08 20:13:31Z" end-time="2018-07-08 20:14:28Z" duration="56.435734" total="1" passed="1" failed="0" inconclusive="0" skipped="0" asserts="1">
        <test-suite type="TestSuite" id="0-1006" name="Load" fullname="SkillTracker.WebApi.Load" runstate="Runnable" testcasecount="1" result="Passed" start-time="2018-07-08 20:13:31Z" end-time="2018-07-08 20:14:28Z" duration="56.431588" total="1" passed="1" failed="0" inconclusive="0" skipped="0" asserts="1">
          <test-suite type="TestSuite" id="0-1007" name="Tests" fullname="SkillTracker.WebApi.Load.Tests" runstate="Runnable" testcasecount="1" result="Passed" start-time="2018-07-08 20:13:31Z" end-time="2018-07-08 20:14:28Z" duration="56.427279" total="1" passed="1" failed="0" inconclusive="0" skipped="0" asserts="1">
            <test-suite type="TestFixture" id="0-1000" name="LoadSkillsTest" fullname="SkillTracker.WebApi.Load.Tests.LoadSkillsTest" classname="SkillTracker.WebApi.Load.Tests.LoadSkillsTest" runstate="Runnable" testcasecount="1" result="Passed" start-time="2018-07-08 20:13:31Z" end-time="2018-07-08 20:14:28Z" duration="56.419366" total="1" passed="1" failed="0" inconclusive="0" skipped="0" asserts="1">
              <test-suite type="ParameterizedMethod" id="0-1002" name="PerformanceTests" fullname="SkillTracker.WebApi.Load.Tests.LoadSkillsTest.PerformanceTests" classname="SkillTracker.WebApi.Load.Tests.PerformanceTestStuite`1" runstate="Runnable" testcasecount="1" result="Passed" start-time="2018-07-08 20:13:31Z" end-time="2018-07-08 20:14:28Z" duration="56.405227" total="1" passed="1" failed="0" inconclusive="0" skipped="0" asserts="1">
                <test-case id="0-1001" name="GetSkillBenchmark" fullname="SkillTracker.WebApi.Load.Tests.LoadSkillsTest.GetSkillBenchmark" methodname="PerformanceTests" classname="SkillTracker.WebApi.Load.Tests.PerformanceTestStuite`1" runstate="Runnable" seed="702684385" result="Passed" start-time="2018-07-08 20:13:31Z" end-time="2018-07-08 20:14:28Z" duration="56.370109" asserts="1">
                  <output><![CDATA[[PASS] Expected Elapsed Time to must be less than or equal to 6,00,000.00 ms; actual value was 59.67 ms.
]]></output>
                </test-case>
              </test-suite>
            </test-suite>
          </test-suite>
        </test-suite>
      </test-suite>
    </test-suite>
  </test-suite>
</test-run>